<?xml version="1.0" encoding="UTF-8"?>
<!-- Generated by org.testng.reporters.JUnitReportReporter -->
<testsuite skipped="0" hostname="DESKTOP-UT791JM" name="testng.testng1" tests="2" failures="0" timestamp="2021-12-06T21:22:21 IST" time="0.015" errors="0">
  <testcase name="secondtestcase" time="0.002" classname="testng.testng1"/>
  <system-out/>
  <testcase name="firsttestcase" time="0.013" classname="testng.testng1"/>
  <system-out/>
</testsuite> <!-- testng.testng1 -->
