<?xml version="1.0" encoding="UTF-8"?>
<!-- Generated by org.testng.reporters.JUnitReportReporter -->
<testsuite skipped="0" hostname="DESKTOP-UT791JM" name="testng.testng4" tests="1" failures="0" timestamp="2021-12-06T21:22:21 IST" time="0.003" errors="0">
  <testcase name="LoginAPIHomeLoan" time="0.003" classname="testng.testng4"/>
  <system-out/>
</testsuite> <!-- testng.testng4 -->
