<?xml version="1.0" encoding="UTF-8"?>
<!-- Generated by org.testng.reporters.JUnitReportReporter -->
<testsuite skipped="0" hostname="DESKTOP-UT791JM" name="testng.testng3" tests="2" failures="0" timestamp="2021-12-06T21:22:21 IST" time="0.004" errors="0">
  <testcase name="WebLoginCar" time="0.002" classname="testng.testng3"/>
  <system-out/>
  <testcase name="LoginAPICar" time="0.002" classname="testng.testng3"/>
  <system-out/>
</testsuite> <!-- testng.testng3 -->
